<?xml version="1.0" encoding="UTF-8"?>
<!-- Generated by org.testng.reporters.JUnitReportReporter -->
<testsuite hostname="DESKTOP-TG07KJ2" failures="0" tests="1" name="FAQReturn.com.FAQReturnsTest" time="14.395" errors="0" timestamp="2024-09-27T10:11:36 CDT" skipped="0">
  <testcase classname="FAQReturn.com.FAQReturnsTest" name="testFAQReturns" time="14.395"/>
</testsuite> <!-- FAQReturn.com.FAQReturnsTest -->
