<?xml version="1.0" encoding="UTF-8"?>
<!-- Generated by org.testng.reporters.JUnitReportReporter -->
<testsuite hostname="DESKTOP-TG07KJ2" failures="0" tests="1" name="store.com.SearchStoreByCityStateTest" time="20.869" errors="0" timestamp="2024-09-27T10:11:36 CDT" skipped="0">
  <testcase classname="store.com.SearchStoreByCityStateTest" name="testSearchStoreByCityStateDirections" time="20.869"/>
</testsuite> <!-- store.com.SearchStoreByCityStateTest -->
