<?xml version="1.0" encoding="UTF-8"?>
<!-- Generated by org.testng.reporters.JUnitReportReporter -->
<testsuite hostname="DESKTOP-TG07KJ2" failures="0" tests="1" name="bag.com.AddProductToBagTest" time="28.451" errors="0" timestamp="2024-09-27T10:11:36 CDT" skipped="0">
  <testcase classname="bag.com.AddProductToBagTest" name="testAddProductToBagTest" time="28.451"/>
</testsuite> <!-- bag.com.AddProductToBagTest -->
