<?xml version="1.0" encoding="UTF-8"?>
<!-- Generated by org.testng.reporters.JUnitReportReporter -->
<testsuite hostname="DESKTOP-TG07KJ2" failures="0" tests="1" name="rewards.com.RewardsTest" time="12.319" errors="0" timestamp="2024-09-27T10:11:36 CDT" skipped="0">
  <testcase classname="rewards.com.RewardsTest" name="RewardsttestCase" time="12.319"/>
</testsuite> <!-- rewards.com.RewardsTest -->
